<?xml version="1.0" encoding="UTF-8"?>
<!-- Generated by org.testng.reporters.JUnitReportReporter -->
<testsuite skipped="0" hostname="VIJAYHK-PC" name="TestVagrant.Hotels.SignInTest2" tests="1" failures="0" timestamp="07 Dec 2017 14:38:00 GMT" time="32.676" errors="0">
  <testcase name="shouldThrowAnErrorIfSignInDetailsAreMissing" time="32.676" classname="TestVagrant.Hotels.SignInTest2"/>
</testsuite> <!-- TestVagrant.Hotels.SignInTest2 -->
