<?xml version="1.0" encoding="UTF-8"?>
<!-- Generated by org.testng.reporters.JUnitReportReporter -->
<testsuite skipped="0" hostname="VIJAYHK-PC" name="TestVagrant.Hotels.SignInTest" tests="1" failures="0" timestamp="26 Oct 2017 09:21:04 GMT" time="22.758" errors="0">
  <testcase name="shouldThrowAnErrorIfSignInDetailsAreMissing" time="22.758" classname="TestVagrant.Hotels.SignInTest"/>
</testsuite> <!-- TestVagrant.Hotels.SignInTest -->
