<?xml version="1.0" encoding="UTF-8"?>
<!-- Generated by org.testng.reporters.JUnitReportReporter -->
<testsuite skipped="0" hostname="VIJAYHK-PC" name="TestVagrant.Hotels.HotelBookingTest" tests="1" failures="0" timestamp="07 Dec 2017 14:38:00 GMT" time="42.219" errors="0">
  <testcase name="shouldBeAbleToSearchForHotels" time="42.219" classname="TestVagrant.Hotels.HotelBookingTest"/>
</testsuite> <!-- TestVagrant.Hotels.HotelBookingTest -->
