<?xml version="1.0" encoding="UTF-8"?>
<!-- Generated by org.testng.reporters.JUnitReportReporter -->
<testsuite skipped="0" hostname="VIJAYHK-PC" name="TestVagrant.Hotels.SignInTest" tests="1" failures="0" timestamp="07 Dec 2017 14:38:00 GMT" time="23.400" errors="0">
  <testcase name="shouldThrowAnErrorIfSignInDetailsAreMissing" time="23.400" classname="TestVagrant.Hotels.SignInTest"/>
</testsuite> <!-- TestVagrant.Hotels.SignInTest -->
