<?xml version="1.0" encoding="UTF-8"?>
<!-- Generated by org.testng.reporters.JUnitReportReporter -->
<testsuite skipped="0" hostname="VIJAYHK-PC" name="TestVagrant.Hotels.FlightBookingTest" tests="1" failures="0" timestamp="26 Oct 2017 09:34:23 GMT" time="17.656" errors="0">
  <testcase name="testThatResultsAppearForAOneWayJourney" time="17.656" classname="TestVagrant.Hotels.FlightBookingTest"/>
</testsuite> <!-- TestVagrant.Hotels.FlightBookingTest -->
