<?xml version="1.0" encoding="UTF-8"?>
<!-- Generated by org.testng.reporters.JUnitReportReporter -->
<testsuite skipped="0" hostname="VIJAYHK-PC" name="TestVagrant.Hotels.HotelBookingTest2" tests="1" failures="0" timestamp="26 Oct 2017 08:47:00 GMT" time="20.273" errors="0">
  <testcase name="shouldBeAbleToSearchForHotels" time="20.273" classname="TestVagrant.Hotels.HotelBookingTest2"/>
</testsuite> <!-- TestVagrant.Hotels.HotelBookingTest2 -->
