<?xml version="1.0" encoding="UTF-8"?>
<!-- Generated by org.testng.reporters.JUnitReportReporter -->
<testsuite skipped="0" hostname="VIJAYHK-PC" name="TestVagrant.Hotels.HotelBookingTest2" tests="1" failures="0" timestamp="07 Dec 2017 14:38:00 GMT" time="31.269" errors="0">
  <testcase name="shouldBeAbleToSearchForHotels" time="31.269" classname="TestVagrant.Hotels.HotelBookingTest2"/>
</testsuite> <!-- TestVagrant.Hotels.HotelBookingTest2 -->
