<?xml version="1.0" encoding="UTF-8"?>
<!-- Generated by org.testng.reporters.JUnitReportReporter -->
<testsuite skipped="0" hostname="VIJAYHK-PC" name="TestVagrant.Hotels.HotelBookingTest" tests="1" failures="0" timestamp="26 Oct 2017 09:51:19 GMT" time="16.455" errors="0">
  <testcase name="shouldBeAbleToSearchForHotels" time="16.455" classname="TestVagrant.Hotels.HotelBookingTest"/>
</testsuite> <!-- TestVagrant.Hotels.HotelBookingTest -->
