<?xml version="1.0" encoding="UTF-8"?>
<!-- Generated by org.testng.reporters.JUnitReportReporter -->
<testsuite skipped="0" hostname="VIJAYHK-PC" name="TestVagrant.Hotels.FlightBookingTest2" tests="1" failures="0" timestamp="07 Dec 2017 14:38:00 GMT" time="32.344" errors="0">
  <testcase name="testThatResultsAppearForAOneWayJourney" time="32.344" classname="TestVagrant.Hotels.FlightBookingTest2"/>
</testsuite> <!-- TestVagrant.Hotels.FlightBookingTest2 -->
