<?xml version="1.0" encoding="UTF-8"?>
<!-- Generated by org.testng.reporters.JUnitReportReporter -->
<testsuite skipped="0" hostname="VIJAYHK-PC" name="TestVagrant.Hotels.SignInTest2" tests="1" failures="0" timestamp="26 Oct 2017 08:47:00 GMT" time="24.410" errors="0">
  <testcase name="shouldThrowAnErrorIfSignInDetailsAreMissing" time="24.410" classname="TestVagrant.Hotels.SignInTest2"/>
</testsuite> <!-- TestVagrant.Hotels.SignInTest2 -->
